<?xml version="1.0" encoding="UTF-8"?>
<!-- Generated by org.testng.reporters.JUnitReportReporter -->
<testsuite hostname="DESKTOP-16C8J8M" failures="0" tests="1" name="testCases.TC001_AccountRegistrationTest" time="2.885" errors="0" timestamp="2024-08-24T21:21:58 IST" skipped="0">
  <testcase classname="testCases.TC001_AccountRegistrationTest" name="verify_account_registration" time="2.885"/>
</testsuite> <!-- testCases.TC001_AccountRegistrationTest -->
