<?xml version="1.0" encoding="UTF-8"?>
<!-- Generated by org.testng.reporters.JUnitReportReporter -->
<testsuite hostname="DESKTOP-16C8J8M" failures="0" tests="2" name="testCases.TC001_AccountRegistrationTest" time="5.167" errors="0" timestamp="2024-08-25T15:55:42 IST" skipped="0">
  <testcase classname="testCases.TC001_AccountRegistrationTest" name="verify_account_registration" time="2.467"/>
  <testcase classname="testCases.TC001_AccountRegistrationTest" name="verify_account_registration" time="2.700"/>
</testsuite> <!-- testCases.TC001_AccountRegistrationTest -->
